<?xml version="1.0" encoding="UTF-8"?>
<!-- Generated by org.testng.reporters.JUnitReportReporter -->
<testsuite hostname="Nioooo" name="BoggleBoardNGTest" tests="2" failures="0" timestamp="14 Jan 2015 06:19:12 GMT" time="0.011" errors="0">
  <testcase name="testDefaultConstructor" time="0.010" classname="BoggleBoardNGTest"/>
  <testcase name="testOneArgumentConstructor" time="0.001" classname="BoggleBoardNGTest"/>
</testsuite> <!-- BoggleBoardNGTest -->
