<?xml version="1.0" encoding="UTF-8"?>
<!-- Generated by org.testng.reporters.JUnitReportReporter -->
<testsuite hostname="Nioooo" name="WordListNGTest" tests="5" failures="0" timestamp="14 Jan 2015 06:19:12 GMT" time="0.002" errors="0">
  <testcase name="testAddWord" time="0.001" classname="WordListNGTest"/>
  <testcase name="testDefaultConstructor" time="0.000" classname="WordListNGTest"/>
  <testcase name="testExceptions" time="0.001" classname="WordListNGTest"/>
  <testcase name="testAddWordList" time="0.000" classname="WordListNGTest"/>
  <testcase name="testPreprocessWord" time="0.000" classname="WordListNGTest"/>
</testsuite> <!-- WordListNGTest -->
